[2m2025-04-25T23:57:38.948225Z[0m [32m INFO[0m [2mlogger::init[0m[2m:[0m Logger initialised at Level(Debug) level
[2m2025-04-25T23:57:38.954063Z[0m [34mDEBUG[0m [2msqlx_postgres::options::pgpass[0m[2m:[0m `.pgpass` file not found [3mpath[0m[2m=[0m/Users/ericmurray/.pgpass
[2m2025-04-25T23:57:38.964800Z[0m [32m INFO[0m [2mcli_tools[0m[2m:[0m DB Url Established and Pool created [3mdb_url[0m[2m=[0mpostgres://localhost/thp_dev
[2m2025-04-25T23:57:47.039326Z[0m [32m INFO[0m [2mcli_tools[0m[2m:[0m User selected an option [3mselection[0m[2m=[0m1

[2m2025-04-25T23:57:47.039514Z[0m [32m INFO[0m [2mcli_tools[0m[2m:[0m Pulling number from user
[2m2025-04-25T23:57:49.251789Z[0m [32m INFO[0m [2mcli_tools::cmds::seed[0m[2m:[0m Seed users called
[2m2025-04-25T23:57:49.251972Z[0m [32m INFO[0m [2mcli_tools::cmds::seed[0m[2m:[0m Create tables called
[2m2025-04-25T23:57:49.298750Z[0m [34mDEBUG[0m [2msqlx::query[0m[2m:[0m [3msummary[0m[2m=[0m"CREATE TABLE IF NOT …" [3mdb.statement[0m[2m=[0m"\n\nCREATE TABLE IF NOT EXISTS users (\n        id UUID PRIMARY KEY DEFAULT gen_random_uuid(),\n        email TEXT NOT NULL UNIQUE,\n        password_hash TEXT NOT NULL,\n        created_at TIMESTAMPTZ DEFAULT NOW()\n    );\n    \n" [3mrows_affected[0m[2m=[0m0 [3mrows_returned[0m[2m=[0m0 [3melapsed[0m[2m=[0m45.198791ms [3melapsed_secs[0m[2m=[0m0.045198791
[2m2025-04-25T23:57:49.315294Z[0m [34mDEBUG[0m [2msqlx::query[0m[2m:[0m [3msummary[0m[2m=[0m"CREATE TABLE IF NOT …" [3mdb.statement[0m[2m=[0m"\n\nCREATE TABLE IF NOT EXISTS businesses (\n        id UUID PRIMARY KEY DEFAULT gen_random_uuid(),\n        name TEXT NOT NULL,\n        description TEXT,\n        owner_id UUID REFERENCES users(id) ON DELETE CASCADE,\n        created_at TIMESTAMPTZ DEFAULT NOW()\n    );\n    \n" [3mrows_affected[0m[2m=[0m0 [3mrows_returned[0m[2m=[0m0 [3melapsed[0m[2m=[0m9.74425ms [3melapsed_secs[0m[2m=[0m0.00974425
[2m2025-04-25T23:57:49.319915Z[0m [34mDEBUG[0m [2msqlx::query[0m[2m:[0m [3msummary[0m[2m=[0m"CREATE TABLE IF NOT …" [3mdb.statement[0m[2m=[0m"\n\nCREATE TABLE IF NOT EXISTS activities (\n        id UUID PRIMARY KEY DEFAULT gen_random_uuid(),\n        business_id UUID REFERENCES businesses(id) ON DELETE CASCADE,\n        title TEXT NOT NULL,\n        location TEXT NOT NULL,\n        capacity INT NOT NULL,\n        time TIMESTAMPTZ NOT NULL,\n        equipment JSONB DEFAULT '[]',\n        created_at TIMESTAMPTZ DEFAULT NOW()\n    );    \n    \n" [3mrows_affected[0m[2m=[0m0 [3mrows_returned[0m[2m=[0m0 [3melapsed[0m[2m=[0m4.24025ms [3melapsed_secs[0m[2m=[0m0.00424025
[2m2025-04-25T23:57:49.322988Z[0m [34mDEBUG[0m [2msqlx::query[0m[2m:[0m [3msummary[0m[2m=[0m"CREATE TABLE IF NOT …" [3mdb.statement[0m[2m=[0m"\n\nCREATE TABLE IF NOT EXISTS bookings (\n        id UUID PRIMARY KEY DEFAULT gen_random_uuid(),\n        user_id UUID REFERENCES users(id) ON DELETE CASCADE,\n        activity_id UUID REFERENCES activities(id) ON DELETE CASCADE,\n        booked_at TIMESTAMPTZ DEFAULT NOW()\n    );  \n    \n" [3mrows_affected[0m[2m=[0m0 [3mrows_returned[0m[2m=[0m0 [3melapsed[0m[2m=[0m2.776ms [3melapsed_secs[0m[2m=[0m0.002776
[2m2025-04-25T23:57:49.325801Z[0m [34mDEBUG[0m [2msqlx::query[0m[2m:[0m [3msummary[0m[2m=[0m"CREATE TABLE IF NOT …" [3mdb.statement[0m[2m=[0m"\n\nCREATE TABLE IF NOT EXISTS logs (\n        id UUID PRIMARY KEY DEFAULT gen_random_uuid(),\n        level TEXT NOT NULL,\n        message TEXT NOT NULL,\n        context JSONB DEFAULT '{}',\n        created_at TIMESTAMPTZ DEFAULT NOW()\n    );\n    \n" [3mrows_affected[0m[2m=[0m0 [3mrows_returned[0m[2m=[0m0 [3melapsed[0m[2m=[0m2.566625ms [3melapsed_secs[0m[2m=[0m0.002566625
[2m2025-04-25T23:57:49.325874Z[0m [32m INFO[0m [2mcli_tools::cmds::seed[0m[2m:[0m Tables created/already exist!
[2m2025-04-25T23:57:49.325946Z[0m [32m INFO[0m [2mcli_tools::cmds::seed[0m[2m:[0m Creating user
[2m2025-04-25T23:57:49.590699Z[0m [32m INFO[0m [2mcli_tools::cmds::seed[0m[2m:[0m User created, updating user table
[2m2025-04-25T23:57:49.596628Z[0m [34mDEBUG[0m [2msqlx::query[0m[2m:[0m [3msummary[0m[2m=[0m"INSERT INTO users (id, …" [3mdb.statement[0m[2m=[0m"\n\nINSERT INTO users (id, email, password_hash, created_at) VALUES ($1, $2, $3, $4)\n" [3mrows_affected[0m[2m=[0m1 [3mrows_returned[0m[2m=[0m0 [3melapsed[0m[2m=[0m5.577166ms [3melapsed_secs[0m[2m=[0m0.005577166
[2m2025-04-25T23:57:49.596676Z[0m [32m INFO[0m [2mcli_tools::cmds::seed[0m[2m:[0m User completed, continuing...
[2m2025-04-25T23:57:49.596683Z[0m [32m INFO[0m [2mcli_tools::cmds::seed[0m[2m:[0m Seeding Users completed
[2m2025-04-25T23:58:01.460012Z[0m [32m INFO[0m [2mcli_tools[0m[2m:[0m User selected an option [3mselection[0m[2m=[0m1

[2m2025-04-25T23:58:01.460208Z[0m [32m INFO[0m [2mcli_tools[0m[2m:[0m Pulling number from user
[2m2025-04-25T23:58:03.089846Z[0m [32m INFO[0m [2mcli_tools::cmds::seed[0m[2m:[0m Seed users called
[2m2025-04-25T23:58:03.090005Z[0m [32m INFO[0m [2mcli_tools::cmds::seed[0m[2m:[0m Create tables called
[2m2025-04-25T23:58:03.091445Z[0m [32m INFO[0m [2msqlx::postgres::notice[0m[2m:[0m relation "users" already exists, skipping
[2m2025-04-25T23:58:03.091970Z[0m [34mDEBUG[0m [2msqlx::query[0m[2m:[0m [3msummary[0m[2m=[0m"CREATE TABLE IF NOT …" [3mdb.statement[0m[2m=[0m"\n\nCREATE TABLE IF NOT EXISTS users (\n        id UUID PRIMARY KEY DEFAULT gen_random_uuid(),\n        email TEXT NOT NULL UNIQUE,\n        password_hash TEXT NOT NULL,\n        created_at TIMESTAMPTZ DEFAULT NOW()\n    );\n    \n" [3mrows_affected[0m[2m=[0m0 [3mrows_returned[0m[2m=[0m0 [3melapsed[0m[2m=[0m1.148167ms [3melapsed_secs[0m[2m=[0m0.001148167
[2m2025-04-25T23:58:03.093019Z[0m [32m INFO[0m [2msqlx::postgres::notice[0m[2m:[0m relation "businesses" already exists, skipping
[2m2025-04-25T23:58:03.093292Z[0m [34mDEBUG[0m [2msqlx::query[0m[2m:[0m [3msummary[0m[2m=[0m"CREATE TABLE IF NOT …" [3mdb.statement[0m[2m=[0m"\n\nCREATE TABLE IF NOT EXISTS businesses (\n        id UUID PRIMARY KEY DEFAULT gen_random_uuid(),\n        name TEXT NOT NULL,\n        description TEXT,\n        owner_id UUID REFERENCES users(id) ON DELETE CASCADE,\n        created_at TIMESTAMPTZ DEFAULT NOW()\n    );\n    \n" [3mrows_affected[0m[2m=[0m0 [3mrows_returned[0m[2m=[0m0 [3melapsed[0m[2m=[0m716.709µs [3melapsed_secs[0m[2m=[0m0.000716709
[2m2025-04-25T23:58:03.094044Z[0m [32m INFO[0m [2msqlx::postgres::notice[0m[2m:[0m relation "activities" already exists, skipping
[2m2025-04-25T23:58:03.094142Z[0m [34mDEBUG[0m [2msqlx::query[0m[2m:[0m [3msummary[0m[2m=[0m"CREATE TABLE IF NOT …" [3mdb.statement[0m[2m=[0m"\n\nCREATE TABLE IF NOT EXISTS activities (\n        id UUID PRIMARY KEY DEFAULT gen_random_uuid(),\n        business_id UUID REFERENCES businesses(id) ON DELETE CASCADE,\n        title TEXT NOT NULL,\n        location TEXT NOT NULL,\n        capacity INT NOT NULL,\n        time TIMESTAMPTZ NOT NULL,\n        equipment JSONB DEFAULT '[]',\n        created_at TIMESTAMPTZ DEFAULT NOW()\n    );    \n    \n" [3mrows_affected[0m[2m=[0m0 [3mrows_returned[0m[2m=[0m0 [3melapsed[0m[2m=[0m415.666µs [3melapsed_secs[0m[2m=[0m0.000415666
[2m2025-04-25T23:58:03.094872Z[0m [32m INFO[0m [2msqlx::postgres::notice[0m[2m:[0m relation "bookings" already exists, skipping
[2m2025-04-25T23:58:03.094963Z[0m [34mDEBUG[0m [2msqlx::query[0m[2m:[0m [3msummary[0m[2m=[0m"CREATE TABLE IF NOT …" [3mdb.statement[0m[2m=[0m"\n\nCREATE TABLE IF NOT EXISTS bookings (\n        id UUID PRIMARY KEY DEFAULT gen_random_uuid(),\n        user_id UUID REFERENCES users(id) ON DELETE CASCADE,\n        activity_id UUID REFERENCES activities(id) ON DELETE CASCADE,\n        booked_at TIMESTAMPTZ DEFAULT NOW()\n    );  \n    \n" [3mrows_affected[0m[2m=[0m0 [3mrows_returned[0m[2m=[0m0 [3melapsed[0m[2m=[0m376.875µs [3melapsed_secs[0m[2m=[0m0.000376875
[2m2025-04-25T23:58:03.095696Z[0m [32m INFO[0m [2msqlx::postgres::notice[0m[2m:[0m relation "logs" already exists, skipping
[2m2025-04-25T23:58:03.095821Z[0m [34mDEBUG[0m [2msqlx::query[0m[2m:[0m [3msummary[0m[2m=[0m"CREATE TABLE IF NOT …" [3mdb.statement[0m[2m=[0m"\n\nCREATE TABLE IF NOT EXISTS logs (\n        id UUID PRIMARY KEY DEFAULT gen_random_uuid(),\n        level TEXT NOT NULL,\n        message TEXT NOT NULL,\n        context JSONB DEFAULT '{}',\n        created_at TIMESTAMPTZ DEFAULT NOW()\n    );\n    \n" [3mrows_affected[0m[2m=[0m0 [3mrows_returned[0m[2m=[0m0 [3melapsed[0m[2m=[0m388.084µs [3melapsed_secs[0m[2m=[0m0.000388084
[2m2025-04-25T23:58:03.095920Z[0m [32m INFO[0m [2mcli_tools::cmds::seed[0m[2m:[0m Tables created/already exist!
[2m2025-04-25T23:58:03.095970Z[0m [32m INFO[0m [2mcli_tools::cmds::seed[0m[2m:[0m Creating user
[2m2025-04-25T23:58:03.349695Z[0m [32m INFO[0m [2mcli_tools::cmds::seed[0m[2m:[0m User created, updating user table
[2m2025-04-25T23:58:03.351331Z[0m [34mDEBUG[0m [2msqlx::query[0m[2m:[0m [3msummary[0m[2m=[0m"INSERT INTO users (id, …" [3mdb.statement[0m[2m=[0m"\n\nINSERT INTO users (id, email, password_hash, created_at) VALUES ($1, $2, $3, $4)\n" [3mrows_affected[0m[2m=[0m1 [3mrows_returned[0m[2m=[0m0 [3melapsed[0m[2m=[0m1.302125ms [3melapsed_secs[0m[2m=[0m0.001302125
[2m2025-04-25T23:58:03.351374Z[0m [32m INFO[0m [2mcli_tools::cmds::seed[0m[2m:[0m User completed, continuing...
[2m2025-04-25T23:58:03.351382Z[0m [32m INFO[0m [2mcli_tools::cmds::seed[0m[2m:[0m Creating user
[2m2025-04-25T23:58:03.565053Z[0m [32m INFO[0m [2mcli_tools::cmds::seed[0m[2m:[0m User created, updating user table
[2m2025-04-25T23:58:03.567624Z[0m [34mDEBUG[0m [2msqlx::query[0m[2m:[0m [3msummary[0m[2m=[0m"INSERT INTO users (id, …" [3mdb.statement[0m[2m=[0m"\n\nINSERT INTO users (id, email, password_hash, created_at) VALUES ($1, $2, $3, $4)\n" [3mrows_affected[0m[2m=[0m1 [3mrows_returned[0m[2m=[0m0 [3melapsed[0m[2m=[0m2.255125ms [3melapsed_secs[0m[2m=[0m0.002255125
[2m2025-04-25T23:58:03.567672Z[0m [32m INFO[0m [2mcli_tools::cmds::seed[0m[2m:[0m User completed, continuing...
[2m2025-04-25T23:58:03.567680Z[0m [32m INFO[0m [2mcli_tools::cmds::seed[0m[2m:[0m Creating user
[2m2025-04-25T23:58:03.783401Z[0m [32m INFO[0m [2mcli_tools::cmds::seed[0m[2m:[0m User created, updating user table
[2m2025-04-25T23:58:03.784924Z[0m [34mDEBUG[0m [2msqlx::query[0m[2m:[0m [3msummary[0m[2m=[0m"INSERT INTO users (id, …" [3mdb.statement[0m[2m=[0m"\n\nINSERT INTO users (id, email, password_hash, created_at) VALUES ($1, $2, $3, $4)\n" [3mrows_affected[0m[2m=[0m1 [3mrows_returned[0m[2m=[0m0 [3melapsed[0m[2m=[0m1.258334ms [3melapsed_secs[0m[2m=[0m0.001258334
[2m2025-04-25T23:58:03.784974Z[0m [32m INFO[0m [2mcli_tools::cmds::seed[0m[2m:[0m User completed, continuing...
[2m2025-04-25T23:58:03.784981Z[0m [32m INFO[0m [2mcli_tools::cmds::seed[0m[2m:[0m Creating user
[2m2025-04-25T23:58:04.000254Z[0m [32m INFO[0m [2mcli_tools::cmds::seed[0m[2m:[0m User created, updating user table
[2m2025-04-25T23:58:04.001912Z[0m [34mDEBUG[0m [2msqlx::query[0m[2m:[0m [3msummary[0m[2m=[0m"INSERT INTO users (id, …" [3mdb.statement[0m[2m=[0m"\n\nINSERT INTO users (id, email, password_hash, created_at) VALUES ($1, $2, $3, $4)\n" [3mrows_affected[0m[2m=[0m1 [3mrows_returned[0m[2m=[0m0 [3melapsed[0m[2m=[0m1.340542ms [3melapsed_secs[0m[2m=[0m0.001340542
[2m2025-04-25T23:58:04.001959Z[0m [32m INFO[0m [2mcli_tools::cmds::seed[0m[2m:[0m User completed, continuing...
[2m2025-04-25T23:58:04.001967Z[0m [32m INFO[0m [2mcli_tools::cmds::seed[0m[2m:[0m Seeding Users completed
[2m2025-04-25T23:58:07.223187Z[0m [32m INFO[0m [2mcli_tools[0m[2m:[0m User selected an option [3mselection[0m[2m=[0m2

[2m2025-04-25T23:58:07.223411Z[0m [32m INFO[0m [2mcli_tools[0m[2m:[0m Pulling number from user
[2m2025-04-25T23:58:11.344504Z[0m [32m INFO[0m [2mcli_tools::cmds::seed[0m[2m:[0m Seed bookings called
[2m2025-04-25T23:58:11.344640Z[0m [32m INFO[0m [2mcli_tools::cmds::seed[0m[2m:[0m Create tables called
[2m2025-04-25T23:58:11.346534Z[0m [32m INFO[0m [2msqlx::postgres::notice[0m[2m:[0m relation "users" already exists, skipping
[2m2025-04-25T23:58:11.346670Z[0m [34mDEBUG[0m [2msqlx::query[0m[2m:[0m [3msummary[0m[2m=[0m"CREATE TABLE IF NOT …" [3mdb.statement[0m[2m=[0m"\n\nCREATE TABLE IF NOT EXISTS users (\n        id UUID PRIMARY KEY DEFAULT gen_random_uuid(),\n        email TEXT NOT NULL UNIQUE,\n        password_hash TEXT NOT NULL,\n        created_at TIMESTAMPTZ DEFAULT NOW()\n    );\n    \n" [3mrows_affected[0m[2m=[0m0 [3mrows_returned[0m[2m=[0m0 [3melapsed[0m[2m=[0m1.154459ms [3melapsed_secs[0m[2m=[0m0.001154459
[2m2025-04-25T23:58:11.348025Z[0m [32m INFO[0m [2msqlx::postgres::notice[0m[2m:[0m relation "businesses" already exists, skipping
[2m2025-04-25T23:58:11.348138Z[0m [34mDEBUG[0m [2msqlx::query[0m[2m:[0m [3msummary[0m[2m=[0m"CREATE TABLE IF NOT …" [3mdb.statement[0m[2m=[0m"\n\nCREATE TABLE IF NOT EXISTS businesses (\n        id UUID PRIMARY KEY DEFAULT gen_random_uuid(),\n        name TEXT NOT NULL,\n        description TEXT,\n        owner_id UUID REFERENCES users(id) ON DELETE CASCADE,\n        created_at TIMESTAMPTZ DEFAULT NOW()\n    );\n    \n" [3mrows_affected[0m[2m=[0m0 [3mrows_returned[0m[2m=[0m0 [3melapsed[0m[2m=[0m936.042µs [3melapsed_secs[0m[2m=[0m0.000936042
[2m2025-04-25T23:58:11.349146Z[0m [32m INFO[0m [2msqlx::postgres::notice[0m[2m:[0m relation "activities" already exists, skipping
[2m2025-04-25T23:58:11.349240Z[0m [34mDEBUG[0m [2msqlx::query[0m[2m:[0m [3msummary[0m[2m=[0m"CREATE TABLE IF NOT …" [3mdb.statement[0m[2m=[0m"\n\nCREATE TABLE IF NOT EXISTS activities (\n        id UUID PRIMARY KEY DEFAULT gen_random_uuid(),\n        business_id UUID REFERENCES businesses(id) ON DELETE CASCADE,\n        title TEXT NOT NULL,\n        location TEXT NOT NULL,\n        capacity INT NOT NULL,\n        time TIMESTAMPTZ NOT NULL,\n        equipment JSONB DEFAULT '[]',\n        created_at TIMESTAMPTZ DEFAULT NOW()\n    );    \n    \n" [3mrows_affected[0m[2m=[0m0 [3mrows_returned[0m[2m=[0m0 [3melapsed[0m[2m=[0m685.833µs [3melapsed_secs[0m[2m=[0m0.000685833
[2m2025-04-25T23:58:11.350308Z[0m [32m INFO[0m [2msqlx::postgres::notice[0m[2m:[0m relation "bookings" already exists, skipping
[2m2025-04-25T23:58:11.350425Z[0m [34mDEBUG[0m [2msqlx::query[0m[2m:[0m [3msummary[0m[2m=[0m"CREATE TABLE IF NOT …" [3mdb.statement[0m[2m=[0m"\n\nCREATE TABLE IF NOT EXISTS bookings (\n        id UUID PRIMARY KEY DEFAULT gen_random_uuid(),\n        user_id UUID REFERENCES users(id) ON DELETE CASCADE,\n        activity_id UUID REFERENCES activities(id) ON DELETE CASCADE,\n        booked_at TIMESTAMPTZ DEFAULT NOW()\n    );  \n    \n" [3mrows_affected[0m[2m=[0m0 [3mrows_returned[0m[2m=[0m0 [3melapsed[0m[2m=[0m760.292µs [3melapsed_secs[0m[2m=[0m0.000760292
[2m2025-04-25T23:58:11.350977Z[0m [32m INFO[0m [2msqlx::postgres::notice[0m[2m:[0m relation "logs" already exists, skipping
[2m2025-04-25T23:58:11.351045Z[0m [34mDEBUG[0m [2msqlx::query[0m[2m:[0m [3msummary[0m[2m=[0m"CREATE TABLE IF NOT …" [3mdb.statement[0m[2m=[0m"\n\nCREATE TABLE IF NOT EXISTS logs (\n        id UUID PRIMARY KEY DEFAULT gen_random_uuid(),\n        level TEXT NOT NULL,\n        message TEXT NOT NULL,\n        context JSONB DEFAULT '{}',\n        created_at TIMESTAMPTZ DEFAULT NOW()\n    );\n    \n" [3mrows_affected[0m[2m=[0m0 [3mrows_returned[0m[2m=[0m0 [3melapsed[0m[2m=[0m351.208µs [3melapsed_secs[0m[2m=[0m0.000351208
[2m2025-04-25T23:58:11.351084Z[0m [32m INFO[0m [2mcli_tools::cmds::seed[0m[2m:[0m Tables created/already exist!
[2m2025-04-25T23:58:11.351160Z[0m [32m INFO[0m [2mcli_tools::cmds::seed[0m[2m:[0m Pulling User IDs
[2m2025-04-25T23:58:11.354890Z[0m [34mDEBUG[0m [2msqlx::query[0m[2m:[0m [3msummary[0m[2m=[0m"SELECT id FROM users …" [3mdb.statement[0m[2m=[0m"\n\nSELECT id FROM users LIMIT $1\n" [3mrows_affected[0m[2m=[0m3 [3mrows_returned[0m[2m=[0m3 [3melapsed[0m[2m=[0m3.517292ms [3melapsed_secs[0m[2m=[0m0.003517292
[2m2025-04-25T23:58:11.355006Z[0m [32m INFO[0m [2mcli_tools::cmds::seed[0m[2m:[0m Pulling Activity IDs
[2m2025-04-25T23:58:11.356240Z[0m [34mDEBUG[0m [2msqlx::query[0m[2m:[0m [3msummary[0m[2m=[0m"SELECT id FROM activities …" [3mdb.statement[0m[2m=[0m"\n\nSELECT id FROM activities LIMIT $1\n" [3mrows_affected[0m[2m=[0m0 [3mrows_returned[0m[2m=[0m0 [3melapsed[0m[2m=[0m1.005292ms [3melapsed_secs[0m[2m=[0m0.001005292
[2m2025-04-25T23:58:11.356365Z[0m [31mERROR[0m [2mcli_tools::cmds::seed[0m[2m:[0m Not enough users / activities to seed bookings
[2m2025-04-25T23:58:26.227595Z[0m [32m INFO[0m [2mlogger::init[0m[2m:[0m Logger initialised at Level(Debug) level
[2m2025-04-25T23:58:26.233431Z[0m [34mDEBUG[0m [2msqlx_postgres::options::pgpass[0m[2m:[0m `.pgpass` file not found [3mpath[0m[2m=[0m/Users/ericmurray/.pgpass
[2m2025-04-25T23:58:26.240163Z[0m [32m INFO[0m [2mcli_tools[0m[2m:[0m DB Url Established and Pool created [3mdb_url[0m[2m=[0mpostgres://localhost/thp_dev
[2m2025-04-25T23:58:28.105155Z[0m [32m INFO[0m [2mcli_tools[0m[2m:[0m User selected an option [3mselection[0m[2m=[0m6

[2m2025-04-25T23:58:28.108989Z[0m [34mDEBUG[0m [2msqlx::query[0m[2m:[0m [3msummary[0m[2m=[0m"DELETE FROM users; DELETE …" [3mdb.statement[0m[2m=[0m"\n\nDELETE FROM users;\n                    DELETE FROM businesses;\n                    DELETE FROM activities;\n                    DELETE FROM bookings;\n                    DELETE FROM logs;\n" [3mrows_affected[0m[2m=[0m0 [3mrows_returned[0m[2m=[0m0 [3melapsed[0m[2m=[0m2.419ms [3melapsed_secs[0m[2m=[0m0.002419
